<?xml version="1.0" encoding="UTF-8"?>
<!-- Generated by org.testng.reporters.JUnitReportReporter -->
<testsuite hostname="deepaks-hp1" failures="0" tests="2" name="org.dwsapp.producttest.ElectronicsTest" time="8.074" errors="2" timestamp="2025-11-22T18:10:07 IST" skipped="0">
  <testcase classname="org.dwsapp.producttest.ElectronicsTest" name="verifyCellPhones" time="3.660">
    <error message="Cannot invoke &quot;com.aventstack.extentreports.ExtentReports.createTest(String)&quot; because &quot;this.report&quot; is null" type="java.lang.NullPointerException">
      <![CDATA[java.lang.NullPointerException: Cannot invoke "com.aventstack.extentreports.ExtentReports.createTest(String)" because "this.report" is null
at org.dwsapp.producttest.ElectronicsTest.verifyCellPhones(ElectronicsTest.java:105)
at java.base/jdk.internal.reflect.NativeMethodAccessorImpl.invoke0(Native Method)
at java.base/jdk.internal.reflect.NativeMethodAccessorImpl.invoke(NativeMethodAccessorImpl.java:77)
at java.base/jdk.internal.reflect.DelegatingMethodAccessorImpl.invoke(DelegatingMethodAccessorImpl.java:43)
at java.base/java.lang.reflect.Method.invoke(Method.java:569)
at org.testng.internal.invokers.MethodInvocationHelper.invokeMethod(MethodInvocationHelper.java:141)
at org.testng.internal.invokers.TestInvoker.invokeMethod(TestInvoker.java:687)
at org.testng.internal.invokers.TestInvoker.invokeTestMethod(TestInvoker.java:230)
at org.testng.internal.invokers.MethodRunner.runInSequence(MethodRunner.java:63)
at org.testng.internal.invokers.TestInvoker$MethodInvocationAgent.invoke(TestInvoker.java:995)
at org.testng.internal.invokers.TestInvoker.invokeTestMethods(TestInvoker.java:203)
at org.testng.internal.invokers.TestMethodWorker.invokeTestMethods(TestMethodWorker.java:154)
at org.testng.internal.invokers.TestMethodWorker.run(TestMethodWorker.java:134)
at java.base/java.util.ArrayList.forEach(ArrayList.java:1511)
at org.testng.TestRunner.privateRun(TestRunner.java:741)
at org.testng.TestRunner.run(TestRunner.java:616)
at org.testng.SuiteRunner.runTest(SuiteRunner.java:421)
at org.testng.SuiteRunner.runSequentially(SuiteRunner.java:413)
at org.testng.SuiteRunner.privateRun(SuiteRunner.java:373)
at org.testng.SuiteRunner.run(SuiteRunner.java:312)
at org.testng.SuiteRunnerWorker.runSuite(SuiteRunnerWorker.java:52)
at org.testng.SuiteRunnerWorker.run(SuiteRunnerWorker.java:95)
at org.testng.TestNG.runSuitesSequentially(TestNG.java:1274)
at org.testng.TestNG.runSuitesLocally(TestNG.java:1208)
at org.testng.TestNG.runSuites(TestNG.java:1112)
at org.testng.TestNG.run(TestNG.java:1079)
at org.testng.remote.AbstractRemoteTestNG.run(AbstractRemoteTestNG.java:115)
at org.testng.remote.RemoteTestNG.initAndRun(RemoteTestNG.java:293)
at org.testng.remote.RemoteTestNG.main(RemoteTestNG.java:91)
]]>
    </error>
  </testcase> <!-- verifyCellPhones -->
  <testcase classname="org.dwsapp.producttest.ElectronicsTest" name="verifyCamera" time="4.414">
    <error message="Cannot invoke &quot;com.aventstack.extentreports.ExtentReports.createTest(String)&quot; because &quot;this.report&quot; is null" type="java.lang.NullPointerException">
      <![CDATA[java.lang.NullPointerException: Cannot invoke "com.aventstack.extentreports.ExtentReports.createTest(String)" because "this.report" is null
at org.dwsapp.producttest.ElectronicsTest.verifyCamera(ElectronicsTest.java:19)
at java.base/jdk.internal.reflect.NativeMethodAccessorImpl.invoke0(Native Method)
at java.base/jdk.internal.reflect.NativeMethodAccessorImpl.invoke(NativeMethodAccessorImpl.java:77)
at java.base/jdk.internal.reflect.DelegatingMethodAccessorImpl.invoke(DelegatingMethodAccessorImpl.java:43)
at java.base/java.lang.reflect.Method.invoke(Method.java:569)
at org.testng.internal.invokers.MethodInvocationHelper.invokeMethod(MethodInvocationHelper.java:141)
at org.testng.internal.invokers.TestInvoker.invokeMethod(TestInvoker.java:687)
at org.testng.internal.invokers.TestInvoker.invokeTestMethod(TestInvoker.java:230)
at org.testng.internal.invokers.MethodRunner.runInSequence(MethodRunner.java:63)
at org.testng.internal.invokers.TestInvoker$MethodInvocationAgent.invoke(TestInvoker.java:995)
at org.testng.internal.invokers.TestInvoker.invokeTestMethods(TestInvoker.java:203)
at org.testng.internal.invokers.TestMethodWorker.invokeTestMethods(TestMethodWorker.java:154)
at org.testng.internal.invokers.TestMethodWorker.run(TestMethodWorker.java:134)
at java.base/java.util.ArrayList.forEach(ArrayList.java:1511)
at org.testng.TestRunner.privateRun(TestRunner.java:741)
at org.testng.TestRunner.run(TestRunner.java:616)
at org.testng.SuiteRunner.runTest(SuiteRunner.java:421)
at org.testng.SuiteRunner.runSequentially(SuiteRunner.java:413)
at org.testng.SuiteRunner.privateRun(SuiteRunner.java:373)
at org.testng.SuiteRunner.run(SuiteRunner.java:312)
at org.testng.SuiteRunnerWorker.runSuite(SuiteRunnerWorker.java:52)
at org.testng.SuiteRunnerWorker.run(SuiteRunnerWorker.java:95)
at org.testng.TestNG.runSuitesSequentially(TestNG.java:1274)
at org.testng.TestNG.runSuitesLocally(TestNG.java:1208)
at org.testng.TestNG.runSuites(TestNG.java:1112)
at org.testng.TestNG.run(TestNG.java:1079)
at org.testng.remote.AbstractRemoteTestNG.run(AbstractRemoteTestNG.java:115)
at org.testng.remote.RemoteTestNG.initAndRun(RemoteTestNG.java:293)
at org.testng.remote.RemoteTestNG.main(RemoteTestNG.java:91)
]]>
    </error>
  </testcase> <!-- verifyCamera -->
  <system-out>
    <![CDATA[chrome browser opened
Step 1  : browser opened success
Step 2  : navigated to application  success
browser setup successfull
Step 3.1  : Login hyperlink click - success
Step 3.2  : Email address data entered - success
Step 3.3  : Password data entered - success
Step 3.4 : Login button clicked - success
login successfully
search box is displayed 
search box is enabled 
search button is displayed 
search button is enabled 
add to cart is displayed 
add to cart is enabled 
Verified health book
Step 7  :  Logout Button clicked - success
logout successfull
browser closed successfull
chrome browser opened
Step 1  : browser opened success
Step 2  : navigated to application  success
browser setup successfull
Step 3.1  : Login hyperlink click - success
Step 3.2  : Email address data entered - success
Step 3.3  : Password data entered - success
Step 3.4 : Login button clicked - success
login successfully
Step 7  :  Logout Button clicked - success
logout successfull
Step 3.1  : Login hyperlink click - success
Step 3.2  : Email address data entered - success
Step 3.3  : Password data entered - success
Step 3.4 : Login button clicked - success
login successfully
Step 7  :  Logout Button clicked - success
logout successfull
browser closed successfull
edge browser opened
Step 1  : browser opened success
Step 2  : navigated to application  success
browser setup successfull
Step 3.1  : Login hyperlink click - success
Step 3.2  : Email address data entered - success
Step 3.3  : Password data entered - success
Step 3.4 : Login button clicked - success
login successfully
computerhover is displayed 
computerhover is enabled 
notebook is displayed
notebook is enabled
add to cart is displayed
add to cart is  enabled 
All Notebooks products Verified .......
Step 7  :  Logout Button clicked - success
logout successfull
Step 3.1  : Login hyperlink click - success
Step 3.2  : Email address data entered - success
Step 3.3  : Password data entered - success
Step 3.4 : Login button clicked - success
login successfully
computerhover is displayed 
computerhover is enabled 
Accessories is displayed  
Accessories is enabled 
add to cart is displayed
add to cart is enabled
All Accessories products Verified .......
Step 7  :  Logout Button clicked - success
logout successfull
Step 3.1  : Login hyperlink click - success
Step 3.2  : Email address data entered - success
Step 3.3  : Password data entered - success
Step 3.4 : Login button clicked - success
login successfully
computerhover is displayed 
computerhover is enabled 
desktop is displayed 
desktop is enabled 
add to cart is displayed
add to cart is enabled
All Desktop products Verified .......
Step 7  :  Logout Button clicked - success
logout successfull
browser closed successfull]]>
  </system-out>
</testsuite> <!-- org.dwsapp.producttest.ElectronicsTest -->
