<?xml version="1.0" encoding="UTF-8"?>
<!-- Generated by org.testng.reporters.JUnitReportReporter -->
<testsuite hostname="deepaks-hp1" failures="0" tests="6" name="org.dwsapp.producttest.ProductTest" time="112.694" errors="0" timestamp="2025-11-25T14:33:50 IST" skipped="0">
  <testcase classname="org.dwsapp.producttest.ProductTest" name="verifyHealthBook" time="22.645">
    <system-out>
      <![CDATA[search box is displayed 
search box is enabled 
search button is displayed 
search button is enabled 
add to cart is displayed 
add to cart is enabled 
 health book added to cart
shooping cart displayed
shooping cart enabled
Agree Terms checkbox selected
checkoutbutton is displayed
clicked on checkout button
payment method check
confirm order :book
ThankYou book order placed
step 4:book verified & order successfull]]>
    </system-out>
  </testcase> <!-- verifyHealthBook -->
  <testcase classname="org.dwsapp.producttest.ProductTest" name="verifyDesktop" time="17.472">
    <system-out>
      <![CDATA[computerhover is displayed 
computerhover is enabled 
desktop is displayed 
desktop is enabled 
add to cart is displayed
add to cart is enabled
 desktop product is added to cart
shooping cart displayed
shooping cart enabled
payment method COD
confirm order :desktop
ThankYou desktop order placed
step 4: desktop verified & order successfull]]>
    </system-out>
  </testcase> <!-- verifyDesktop -->
  <testcase classname="org.dwsapp.producttest.ProductTest" name="verifyNoteBooks" time="19.274">
    <system-out>
      <![CDATA[computerhover is displayed 
computerhover is enabled 
notebook is displayed
notebook is enabled
add to cart is displayed
add to cart is  enabled 
 notebook product is added to cart
shooping cart displayed
shooping cart enabled
payment method COD
confirm order :notebook
ThankYou Notebook order placed
step 4: Notebook verified & order successfull]]>
    </system-out>
  </testcase> <!-- verifyNoteBooks -->
  <testcase classname="org.dwsapp.producttest.ProductTest" name="verifyAccessories" time="17.381">
    <system-out>
      <![CDATA[computerhover is displayed 
computerhover is enabled 
Accessories is displayed  
Accessories is enabled 
add to cart is displayed
add to cart is enabled
 accessories product is added to cart
shooping cart displayed
shooping cart enabled
payment method COD
confirm order :Accessorie
ThankYou Accessories order placed
step 4: accessories verified & order successfull]]>
    </system-out>
  </testcase> <!-- verifyAccessories -->
  <testcase classname="org.dwsapp.producttest.ProductTest" name="verifyCamera" time="17.688">
    <system-out>
      <![CDATA[ElectronicsHover is displayed 
ElectronicsHover is enabled 
cameraPhoto is displayed 
cameraPhoto is enabled 
add to cart is displayed
add to cart is enabled
ElectronicsTest-Camera product is  added to cart
shooping cart displayed
shooping cart enabled
payment method COD
confirm order :Cameraphoto
ThankYou camera order placed
step 4: camera verified & order successfull]]>
    </system-out>
  </testcase> <!-- verifyCamera -->
  <testcase classname="org.dwsapp.producttest.ProductTest" name="verifyCellPhones" time="18.234">
    <system-out>
      <![CDATA[ElectronicsHover is displayed 
ElectronicsHover is enabled 
cell phone is displayed 
cell phone is enabled 
add to cart is displayed
add to cart is enabled
Cell phones product is added to cart
shooping cart displayed
shooping cart enabled
payment method COD
confirm order :CellPhone
ThankYou phone order placed
step 4: cellphone verified & order successfull]]>
    </system-out>
  </testcase> <!-- verifyCellPhones -->
  <system-out>
    <![CDATA[chrome browser opened
Step 1  : browser opened success
Step 2  : navigated to application  success
browser setup successfull
Step 3.1  : Login hyperlink click - success
Step 3.2  : Email address data entered - success
Step 3.3  : Password data entered - success
Step 3.4 : Login button clicked - success
login successfully
search box is displayed 
search box is enabled 
search button is displayed 
search button is enabled 
add to cart is displayed 
add to cart is enabled 
 health book added to cart
shooping cart displayed
shooping cart enabled
Agree Terms checkbox selected
checkoutbutton is displayed
clicked on checkout button
payment method check
confirm order :book
ThankYou book order placed
step 4:book verified & order successfull
Step 5  :  Logout Button clicked - success
logout successfull
Step 3.1  : Login hyperlink click - success
Step 3.2  : Email address data entered - success
Step 3.3  : Password data entered - success
Step 3.4 : Login button clicked - success
login successfully
computerhover is displayed 
computerhover is enabled 
desktop is displayed 
desktop is enabled 
add to cart is displayed
add to cart is enabled
 desktop product is added to cart
shooping cart displayed
shooping cart enabled
payment method COD
confirm order :desktop
ThankYou desktop order placed
step 4: desktop verified & order successfull
Step 5  :  Logout Button clicked - success
logout successfull
Step 3.1  : Login hyperlink click - success
Step 3.2  : Email address data entered - success
Step 3.3  : Password data entered - success
Step 3.4 : Login button clicked - success
login successfully
computerhover is displayed 
computerhover is enabled 
notebook is displayed
notebook is enabled
add to cart is displayed
add to cart is  enabled 
 notebook product is added to cart
shooping cart displayed
shooping cart enabled
payment method COD
confirm order :notebook
ThankYou Notebook order placed
step 4: Notebook verified & order successfull
Step 5  :  Logout Button clicked - success
logout successfull
Step 3.1  : Login hyperlink click - success
Step 3.2  : Email address data entered - success
Step 3.3  : Password data entered - success
Step 3.4 : Login button clicked - success
login successfully
computerhover is displayed 
computerhover is enabled 
Accessories is displayed  
Accessories is enabled 
add to cart is displayed
add to cart is enabled
 accessories product is added to cart
shooping cart displayed
shooping cart enabled
payment method COD
confirm order :Accessorie
ThankYou Accessories order placed
step 4: accessories verified & order successfull
Step 5  :  Logout Button clicked - success
logout successfull
Step 3.1  : Login hyperlink click - success
Step 3.2  : Email address data entered - success
Step 3.3  : Password data entered - success
Step 3.4 : Login button clicked - success
login successfully
ElectronicsHover is displayed 
ElectronicsHover is enabled 
cameraPhoto is displayed 
cameraPhoto is enabled 
add to cart is displayed
add to cart is enabled
ElectronicsTest-Camera product is  added to cart
shooping cart displayed
shooping cart enabled
payment method COD
confirm order :Cameraphoto
ThankYou camera order placed
step 4: camera verified & order successfull
Step 5  :  Logout Button clicked - success
logout successfull
Step 3.1  : Login hyperlink click - success
Step 3.2  : Email address data entered - success
Step 3.3  : Password data entered - success
Step 3.4 : Login button clicked - success
login successfully
ElectronicsHover is displayed 
ElectronicsHover is enabled 
cell phone is displayed 
cell phone is enabled 
add to cart is displayed
add to cart is enabled
Cell phones product is added to cart
shooping cart displayed
shooping cart enabled
payment method COD
confirm order :CellPhone
ThankYou phone order placed
step 4: cellphone verified & order successfull
Step 5  :  Logout Button clicked - success
logout successfull
browser closed successfull]]>
  </system-out>
</testsuite> <!-- org.dwsapp.producttest.ProductTest -->
