<?xml version="1.0" encoding="UTF-8"?>
<testng-results ignored="0" total="6" passed="6" failed="0" skipped="0">
  <reporter-output>
    <line>
      <![CDATA[chrome browser opened]]>
    </line>
    <line>
      <![CDATA[Step 1  : browser opened success]]>
    </line>
    <line>
      <![CDATA[Step 2  : navigated to application  success]]>
    </line>
    <line>
      <![CDATA[browser setup successfull]]>
    </line>
    <line>
      <![CDATA[Step 3.1  : Login hyperlink click - success]]>
    </line>
    <line>
      <![CDATA[Step 3.2  : Email address data entered - success]]>
    </line>
    <line>
      <![CDATA[Step 3.3  : Password data entered - success]]>
    </line>
    <line>
      <![CDATA[Step 3.4 : Login button clicked - success]]>
    </line>
    <line>
      <![CDATA[login successfully]]>
    </line>
    <line>
      <![CDATA[search box is displayed ]]>
    </line>
    <line>
      <![CDATA[search box is enabled ]]>
    </line>
    <line>
      <![CDATA[search button is displayed ]]>
    </line>
    <line>
      <![CDATA[search button is enabled ]]>
    </line>
    <line>
      <![CDATA[add to cart is displayed ]]>
    </line>
    <line>
      <![CDATA[add to cart is enabled ]]>
    </line>
    <line>
      <![CDATA[ health book added to cart]]>
    </line>
    <line>
      <![CDATA[shooping cart displayed]]>
    </line>
    <line>
      <![CDATA[shooping cart enabled]]>
    </line>
    <line>
      <![CDATA[Agree Terms checkbox selected]]>
    </line>
    <line>
      <![CDATA[checkoutbutton is displayed]]>
    </line>
    <line>
      <![CDATA[clicked on checkout button]]>
    </line>
    <line>
      <![CDATA[payment method check]]>
    </line>
    <line>
      <![CDATA[confirm order :book]]>
    </line>
    <line>
      <![CDATA[ThankYou book order placed]]>
    </line>
    <line>
      <![CDATA[step 4:book verified & order successfull]]>
    </line>
    <line>
      <![CDATA[Step 5  :  Logout Button clicked - success]]>
    </line>
    <line>
      <![CDATA[logout successfull]]>
    </line>
    <line>
      <![CDATA[Step 3.1  : Login hyperlink click - success]]>
    </line>
    <line>
      <![CDATA[Step 3.2  : Email address data entered - success]]>
    </line>
    <line>
      <![CDATA[Step 3.3  : Password data entered - success]]>
    </line>
    <line>
      <![CDATA[Step 3.4 : Login button clicked - success]]>
    </line>
    <line>
      <![CDATA[login successfully]]>
    </line>
    <line>
      <![CDATA[computerhover is displayed ]]>
    </line>
    <line>
      <![CDATA[computerhover is enabled ]]>
    </line>
    <line>
      <![CDATA[desktop is displayed ]]>
    </line>
    <line>
      <![CDATA[desktop is enabled ]]>
    </line>
    <line>
      <![CDATA[add to cart is displayed]]>
    </line>
    <line>
      <![CDATA[add to cart is enabled]]>
    </line>
    <line>
      <![CDATA[ desktop product is added to cart]]>
    </line>
    <line>
      <![CDATA[shooping cart displayed]]>
    </line>
    <line>
      <![CDATA[shooping cart enabled]]>
    </line>
    <line>
      <![CDATA[payment method COD]]>
    </line>
    <line>
      <![CDATA[confirm order :desktop]]>
    </line>
    <line>
      <![CDATA[ThankYou desktop order placed]]>
    </line>
    <line>
      <![CDATA[step 4: desktop verified & order successfull]]>
    </line>
    <line>
      <![CDATA[Step 5  :  Logout Button clicked - success]]>
    </line>
    <line>
      <![CDATA[logout successfull]]>
    </line>
    <line>
      <![CDATA[Step 3.1  : Login hyperlink click - success]]>
    </line>
    <line>
      <![CDATA[Step 3.2  : Email address data entered - success]]>
    </line>
    <line>
      <![CDATA[Step 3.3  : Password data entered - success]]>
    </line>
    <line>
      <![CDATA[Step 3.4 : Login button clicked - success]]>
    </line>
    <line>
      <![CDATA[login successfully]]>
    </line>
    <line>
      <![CDATA[computerhover is displayed ]]>
    </line>
    <line>
      <![CDATA[computerhover is enabled ]]>
    </line>
    <line>
      <![CDATA[notebook is displayed]]>
    </line>
    <line>
      <![CDATA[notebook is enabled]]>
    </line>
    <line>
      <![CDATA[add to cart is displayed]]>
    </line>
    <line>
      <![CDATA[add to cart is  enabled ]]>
    </line>
    <line>
      <![CDATA[ notebook product is added to cart]]>
    </line>
    <line>
      <![CDATA[shooping cart displayed]]>
    </line>
    <line>
      <![CDATA[shooping cart enabled]]>
    </line>
    <line>
      <![CDATA[payment method COD]]>
    </line>
    <line>
      <![CDATA[confirm order :notebook]]>
    </line>
    <line>
      <![CDATA[ThankYou Notebook order placed]]>
    </line>
    <line>
      <![CDATA[step 4: Notebook verified & order successfull]]>
    </line>
    <line>
      <![CDATA[Step 5  :  Logout Button clicked - success]]>
    </line>
    <line>
      <![CDATA[logout successfull]]>
    </line>
    <line>
      <![CDATA[Step 3.1  : Login hyperlink click - success]]>
    </line>
    <line>
      <![CDATA[Step 3.2  : Email address data entered - success]]>
    </line>
    <line>
      <![CDATA[Step 3.3  : Password data entered - success]]>
    </line>
    <line>
      <![CDATA[Step 3.4 : Login button clicked - success]]>
    </line>
    <line>
      <![CDATA[login successfully]]>
    </line>
    <line>
      <![CDATA[computerhover is displayed ]]>
    </line>
    <line>
      <![CDATA[computerhover is enabled ]]>
    </line>
    <line>
      <![CDATA[Accessories is displayed  ]]>
    </line>
    <line>
      <![CDATA[Accessories is enabled ]]>
    </line>
    <line>
      <![CDATA[add to cart is displayed]]>
    </line>
    <line>
      <![CDATA[add to cart is enabled]]>
    </line>
    <line>
      <![CDATA[ accessories product is added to cart]]>
    </line>
    <line>
      <![CDATA[shooping cart displayed]]>
    </line>
    <line>
      <![CDATA[shooping cart enabled]]>
    </line>
    <line>
      <![CDATA[payment method COD]]>
    </line>
    <line>
      <![CDATA[confirm order :Accessorie]]>
    </line>
    <line>
      <![CDATA[ThankYou Accessories order placed]]>
    </line>
    <line>
      <![CDATA[step 4: accessories verified & order successfull]]>
    </line>
    <line>
      <![CDATA[Step 5  :  Logout Button clicked - success]]>
    </line>
    <line>
      <![CDATA[logout successfull]]>
    </line>
    <line>
      <![CDATA[Step 3.1  : Login hyperlink click - success]]>
    </line>
    <line>
      <![CDATA[Step 3.2  : Email address data entered - success]]>
    </line>
    <line>
      <![CDATA[Step 3.3  : Password data entered - success]]>
    </line>
    <line>
      <![CDATA[Step 3.4 : Login button clicked - success]]>
    </line>
    <line>
      <![CDATA[login successfully]]>
    </line>
    <line>
      <![CDATA[ElectronicsHover is displayed ]]>
    </line>
    <line>
      <![CDATA[ElectronicsHover is enabled ]]>
    </line>
    <line>
      <![CDATA[cameraPhoto is displayed ]]>
    </line>
    <line>
      <![CDATA[cameraPhoto is enabled ]]>
    </line>
    <line>
      <![CDATA[add to cart is displayed]]>
    </line>
    <line>
      <![CDATA[add to cart is enabled]]>
    </line>
    <line>
      <![CDATA[ElectronicsTest-Camera product is  added to cart]]>
    </line>
    <line>
      <![CDATA[shooping cart displayed]]>
    </line>
    <line>
      <![CDATA[shooping cart enabled]]>
    </line>
    <line>
      <![CDATA[payment method COD]]>
    </line>
    <line>
      <![CDATA[confirm order :Cameraphoto]]>
    </line>
    <line>
      <![CDATA[ThankYou camera order placed]]>
    </line>
    <line>
      <![CDATA[step 4: camera verified & order successfull]]>
    </line>
    <line>
      <![CDATA[Step 5  :  Logout Button clicked - success]]>
    </line>
    <line>
      <![CDATA[logout successfull]]>
    </line>
    <line>
      <![CDATA[Step 3.1  : Login hyperlink click - success]]>
    </line>
    <line>
      <![CDATA[Step 3.2  : Email address data entered - success]]>
    </line>
    <line>
      <![CDATA[Step 3.3  : Password data entered - success]]>
    </line>
    <line>
      <![CDATA[Step 3.4 : Login button clicked - success]]>
    </line>
    <line>
      <![CDATA[login successfully]]>
    </line>
    <line>
      <![CDATA[ElectronicsHover is displayed ]]>
    </line>
    <line>
      <![CDATA[ElectronicsHover is enabled ]]>
    </line>
    <line>
      <![CDATA[cell phone is displayed ]]>
    </line>
    <line>
      <![CDATA[cell phone is enabled ]]>
    </line>
    <line>
      <![CDATA[add to cart is displayed]]>
    </line>
    <line>
      <![CDATA[add to cart is enabled]]>
    </line>
    <line>
      <![CDATA[Cell phones product is added to cart]]>
    </line>
    <line>
      <![CDATA[shooping cart displayed]]>
    </line>
    <line>
      <![CDATA[shooping cart enabled]]>
    </line>
    <line>
      <![CDATA[payment method COD]]>
    </line>
    <line>
      <![CDATA[confirm order :CellPhone]]>
    </line>
    <line>
      <![CDATA[ThankYou phone order placed]]>
    </line>
    <line>
      <![CDATA[step 4: cellphone verified & order successfull]]>
    </line>
    <line>
      <![CDATA[Step 5  :  Logout Button clicked - success]]>
    </line>
    <line>
      <![CDATA[logout successfull]]>
    </line>
    <line>
      <![CDATA[browser closed successfull]]>
    </line>
  </reporter-output>
  <suite started-at="2025-12-02T18:11:46 IST" name="RegressionSuite" finished-at="2025-12-02T18:14:03 IST" duration-ms="137461">
    <groups>
      <group name="rt">
        <method signature="ProductTest.verifyHealthBook()[pri:1, instance:org.dwsapp.producttest.ProductTest@792b749c]" name="verifyHealthBook" class="org.dwsapp.producttest.ProductTest"/>
        <method signature="ProductTest.verifyAccessories()[pri:4, instance:org.dwsapp.producttest.ProductTest@792b749c]" name="verifyAccessories" class="org.dwsapp.producttest.ProductTest"/>
        <method signature="ProductTest.verifyCellPhones()[pri:6, instance:org.dwsapp.producttest.ProductTest@792b749c]" name="verifyCellPhones" class="org.dwsapp.producttest.ProductTest"/>
      </group> <!-- rt -->
      <group name="it">
        <method signature="ProductTest.verifyNoteBooks()[pri:3, instance:org.dwsapp.producttest.ProductTest@792b749c]" name="verifyNoteBooks" class="org.dwsapp.producttest.ProductTest"/>
      </group> <!-- it -->
      <group name="ft">
        <method signature="ProductTest.verifyDesktop()[pri:2, instance:org.dwsapp.producttest.ProductTest@792b749c]" name="verifyDesktop" class="org.dwsapp.producttest.ProductTest"/>
        <method signature="ProductTest.verifyCamera()[pri:5, instance:org.dwsapp.producttest.ProductTest@792b749c]" name="verifyCamera" class="org.dwsapp.producttest.ProductTest"/>
      </group> <!-- ft -->
    </groups>
    <test started-at="2025-12-02T18:11:46 IST" name="Test" finished-at="2025-12-02T18:14:03 IST" duration-ms="137404">
      <class name="org.dwsapp.producttest.ProductTest">
        <test-method is-config="true" signature="reportSetup()[pri:0, instance:org.dwsapp.producttest.ProductTest@792b749c]" started-at="2025-12-02T18:11:46 IST" name="reportSetup" finished-at="2025-12-02T18:11:46 IST" duration-ms="525" status="PASS">
          <reporter-output>
          </reporter-output>
        </test-method> <!-- reportSetup -->
        <test-method is-config="true" signature="browserSetup(java.lang.String,java.lang.String)[pri:0, instance:org.dwsapp.producttest.ProductTest@792b749c]" started-at="2025-12-02T18:11:46 IST" name="browserSetup" finished-at="2025-12-02T18:11:53 IST" duration-ms="6879" status="PASS">
          <params>
            <param index="0">
              <value>
                <![CDATA[chrome]]>
              </value>
            </param>
            <param index="1">
              <value>
                <![CDATA[https://demowebshop.tricentis.com/]]>
              </value>
            </param>
          </params>
          <reporter-output>
            <line>
              <![CDATA[chrome browser opened]]>
            </line>
            <line>
              <![CDATA[Step 1  : browser opened success]]>
            </line>
            <line>
              <![CDATA[Step 2  : navigated to application  success]]>
            </line>
            <line>
              <![CDATA[browser setup successfull]]>
            </line>
          </reporter-output>
        </test-method> <!-- browserSetup -->
        <test-method is-config="true" signature="login()[pri:0, instance:org.dwsapp.producttest.ProductTest@792b749c]" started-at="2025-12-02T18:11:53 IST" name="login" finished-at="2025-12-02T18:11:55 IST" duration-ms="2208" status="PASS">
          <reporter-output>
            <line>
              <![CDATA[Step 3.1  : Login hyperlink click - success]]>
            </line>
            <line>
              <![CDATA[Step 3.2  : Email address data entered - success]]>
            </line>
            <line>
              <![CDATA[Step 3.3  : Password data entered - success]]>
            </line>
            <line>
              <![CDATA[Step 3.4 : Login button clicked - success]]>
            </line>
            <line>
              <![CDATA[login successfully]]>
            </line>
          </reporter-output>
        </test-method> <!-- login -->
        <test-method signature="verifyHealthBook()[pri:1, instance:org.dwsapp.producttest.ProductTest@792b749c]" started-at="2025-12-02T18:11:55 IST" name="verifyHealthBook" finished-at="2025-12-02T18:12:12 IST" duration-ms="16424" status="PASS">
          <reporter-output>
            <line>
              <![CDATA[search box is displayed ]]>
            </line>
            <line>
              <![CDATA[search box is enabled ]]>
            </line>
            <line>
              <![CDATA[search button is displayed ]]>
            </line>
            <line>
              <![CDATA[search button is enabled ]]>
            </line>
            <line>
              <![CDATA[add to cart is displayed ]]>
            </line>
            <line>
              <![CDATA[add to cart is enabled ]]>
            </line>
            <line>
              <![CDATA[ health book added to cart]]>
            </line>
            <line>
              <![CDATA[shooping cart displayed]]>
            </line>
            <line>
              <![CDATA[shooping cart enabled]]>
            </line>
            <line>
              <![CDATA[Agree Terms checkbox selected]]>
            </line>
            <line>
              <![CDATA[checkoutbutton is displayed]]>
            </line>
            <line>
              <![CDATA[clicked on checkout button]]>
            </line>
            <line>
              <![CDATA[payment method check]]>
            </line>
            <line>
              <![CDATA[confirm order :book]]>
            </line>
            <line>
              <![CDATA[ThankYou book order placed]]>
            </line>
            <line>
              <![CDATA[step 4:book verified & order successfull]]>
            </line>
          </reporter-output>
        </test-method> <!-- verifyHealthBook -->
        <test-method is-config="true" signature="logout()[pri:0, instance:org.dwsapp.producttest.ProductTest@792b749c]" started-at="2025-12-02T18:12:12 IST" name="logout" finished-at="2025-12-02T18:12:13 IST" duration-ms="1212" status="PASS">
          <reporter-output>
            <line>
              <![CDATA[Step 5  :  Logout Button clicked - success]]>
            </line>
            <line>
              <![CDATA[logout successfull]]>
            </line>
          </reporter-output>
        </test-method> <!-- logout -->
        <test-method is-config="true" signature="login()[pri:0, instance:org.dwsapp.producttest.ProductTest@792b749c]" started-at="2025-12-02T18:12:13 IST" name="login" finished-at="2025-12-02T18:12:15 IST" duration-ms="2275" status="PASS">
          <reporter-output>
            <line>
              <![CDATA[Step 3.1  : Login hyperlink click - success]]>
            </line>
            <line>
              <![CDATA[Step 3.2  : Email address data entered - success]]>
            </line>
            <line>
              <![CDATA[Step 3.3  : Password data entered - success]]>
            </line>
            <line>
              <![CDATA[Step 3.4 : Login button clicked - success]]>
            </line>
            <line>
              <![CDATA[login successfully]]>
            </line>
          </reporter-output>
        </test-method> <!-- login -->
        <test-method signature="verifyDesktop()[pri:2, instance:org.dwsapp.producttest.ProductTest@792b749c]" started-at="2025-12-02T18:12:15 IST" name="verifyDesktop" finished-at="2025-12-02T18:12:30 IST" duration-ms="15066" status="PASS">
          <reporter-output>
            <line>
              <![CDATA[computerhover is displayed ]]>
            </line>
            <line>
              <![CDATA[computerhover is enabled ]]>
            </line>
            <line>
              <![CDATA[desktop is displayed ]]>
            </line>
            <line>
              <![CDATA[desktop is enabled ]]>
            </line>
            <line>
              <![CDATA[add to cart is displayed]]>
            </line>
            <line>
              <![CDATA[add to cart is enabled]]>
            </line>
            <line>
              <![CDATA[ desktop product is added to cart]]>
            </line>
            <line>
              <![CDATA[shooping cart displayed]]>
            </line>
            <line>
              <![CDATA[shooping cart enabled]]>
            </line>
            <line>
              <![CDATA[payment method COD]]>
            </line>
            <line>
              <![CDATA[confirm order :desktop]]>
            </line>
            <line>
              <![CDATA[ThankYou desktop order placed]]>
            </line>
            <line>
              <![CDATA[step 4: desktop verified & order successfull]]>
            </line>
          </reporter-output>
        </test-method> <!-- verifyDesktop -->
        <test-method is-config="true" signature="logout()[pri:0, instance:org.dwsapp.producttest.ProductTest@792b749c]" started-at="2025-12-02T18:12:30 IST" name="logout" finished-at="2025-12-02T18:12:32 IST" duration-ms="1332" status="PASS">
          <reporter-output>
            <line>
              <![CDATA[Step 5  :  Logout Button clicked - success]]>
            </line>
            <line>
              <![CDATA[logout successfull]]>
            </line>
          </reporter-output>
        </test-method> <!-- logout -->
        <test-method is-config="true" signature="login()[pri:0, instance:org.dwsapp.producttest.ProductTest@792b749c]" started-at="2025-12-02T18:12:32 IST" name="login" finished-at="2025-12-02T18:12:34 IST" duration-ms="2564" status="PASS">
          <reporter-output>
            <line>
              <![CDATA[Step 3.1  : Login hyperlink click - success]]>
            </line>
            <line>
              <![CDATA[Step 3.2  : Email address data entered - success]]>
            </line>
            <line>
              <![CDATA[Step 3.3  : Password data entered - success]]>
            </line>
            <line>
              <![CDATA[Step 3.4 : Login button clicked - success]]>
            </line>
            <line>
              <![CDATA[login successfully]]>
            </line>
          </reporter-output>
        </test-method> <!-- login -->
        <test-method signature="verifyNoteBooks()[pri:3, instance:org.dwsapp.producttest.ProductTest@792b749c]" started-at="2025-12-02T18:12:34 IST" name="verifyNoteBooks" finished-at="2025-12-02T18:12:50 IST" duration-ms="15360" status="PASS">
          <reporter-output>
            <line>
              <![CDATA[computerhover is displayed ]]>
            </line>
            <line>
              <![CDATA[computerhover is enabled ]]>
            </line>
            <line>
              <![CDATA[notebook is displayed]]>
            </line>
            <line>
              <![CDATA[notebook is enabled]]>
            </line>
            <line>
              <![CDATA[add to cart is displayed]]>
            </line>
            <line>
              <![CDATA[add to cart is  enabled ]]>
            </line>
            <line>
              <![CDATA[ notebook product is added to cart]]>
            </line>
            <line>
              <![CDATA[shooping cart displayed]]>
            </line>
            <line>
              <![CDATA[shooping cart enabled]]>
            </line>
            <line>
              <![CDATA[payment method COD]]>
            </line>
            <line>
              <![CDATA[confirm order :notebook]]>
            </line>
            <line>
              <![CDATA[ThankYou Notebook order placed]]>
            </line>
            <line>
              <![CDATA[step 4: Notebook verified & order successfull]]>
            </line>
          </reporter-output>
        </test-method> <!-- verifyNoteBooks -->
        <test-method is-config="true" signature="logout()[pri:0, instance:org.dwsapp.producttest.ProductTest@792b749c]" started-at="2025-12-02T18:12:50 IST" name="logout" finished-at="2025-12-02T18:12:51 IST" duration-ms="1119" status="PASS">
          <reporter-output>
            <line>
              <![CDATA[Step 5  :  Logout Button clicked - success]]>
            </line>
            <line>
              <![CDATA[logout successfull]]>
            </line>
          </reporter-output>
        </test-method> <!-- logout -->
        <test-method is-config="true" signature="login()[pri:0, instance:org.dwsapp.producttest.ProductTest@792b749c]" started-at="2025-12-02T18:12:51 IST" name="login" finished-at="2025-12-02T18:12:53 IST" duration-ms="2273" status="PASS">
          <reporter-output>
            <line>
              <![CDATA[Step 3.1  : Login hyperlink click - success]]>
            </line>
            <line>
              <![CDATA[Step 3.2  : Email address data entered - success]]>
            </line>
            <line>
              <![CDATA[Step 3.3  : Password data entered - success]]>
            </line>
            <line>
              <![CDATA[Step 3.4 : Login button clicked - success]]>
            </line>
            <line>
              <![CDATA[login successfully]]>
            </line>
          </reporter-output>
        </test-method> <!-- login -->
        <test-method signature="verifyAccessories()[pri:4, instance:org.dwsapp.producttest.ProductTest@792b749c]" started-at="2025-12-02T18:12:53 IST" name="verifyAccessories" finished-at="2025-12-02T18:13:08 IST" duration-ms="15139" status="PASS">
          <reporter-output>
            <line>
              <![CDATA[computerhover is displayed ]]>
            </line>
            <line>
              <![CDATA[computerhover is enabled ]]>
            </line>
            <line>
              <![CDATA[Accessories is displayed  ]]>
            </line>
            <line>
              <![CDATA[Accessories is enabled ]]>
            </line>
            <line>
              <![CDATA[add to cart is displayed]]>
            </line>
            <line>
              <![CDATA[add to cart is enabled]]>
            </line>
            <line>
              <![CDATA[ accessories product is added to cart]]>
            </line>
            <line>
              <![CDATA[shooping cart displayed]]>
            </line>
            <line>
              <![CDATA[shooping cart enabled]]>
            </line>
            <line>
              <![CDATA[payment method COD]]>
            </line>
            <line>
              <![CDATA[confirm order :Accessorie]]>
            </line>
            <line>
              <![CDATA[ThankYou Accessories order placed]]>
            </line>
            <line>
              <![CDATA[step 4: accessories verified & order successfull]]>
            </line>
          </reporter-output>
        </test-method> <!-- verifyAccessories -->
        <test-method is-config="true" signature="logout()[pri:0, instance:org.dwsapp.producttest.ProductTest@792b749c]" started-at="2025-12-02T18:13:08 IST" name="logout" finished-at="2025-12-02T18:13:09 IST" duration-ms="1275" status="PASS">
          <reporter-output>
            <line>
              <![CDATA[Step 5  :  Logout Button clicked - success]]>
            </line>
            <line>
              <![CDATA[logout successfull]]>
            </line>
          </reporter-output>
        </test-method> <!-- logout -->
        <test-method is-config="true" signature="login()[pri:0, instance:org.dwsapp.producttest.ProductTest@792b749c]" started-at="2025-12-02T18:13:09 IST" name="login" finished-at="2025-12-02T18:13:12 IST" duration-ms="2127" status="PASS">
          <reporter-output>
            <line>
              <![CDATA[Step 3.1  : Login hyperlink click - success]]>
            </line>
            <line>
              <![CDATA[Step 3.2  : Email address data entered - success]]>
            </line>
            <line>
              <![CDATA[Step 3.3  : Password data entered - success]]>
            </line>
            <line>
              <![CDATA[Step 3.4 : Login button clicked - success]]>
            </line>
            <line>
              <![CDATA[login successfully]]>
            </line>
          </reporter-output>
        </test-method> <!-- login -->
        <test-method signature="verifyCamera()[pri:5, instance:org.dwsapp.producttest.ProductTest@792b749c]" started-at="2025-12-02T18:13:12 IST" name="verifyCamera" finished-at="2025-12-02T18:13:42 IST" duration-ms="30915" status="PASS">
          <reporter-output>
            <line>
              <![CDATA[ElectronicsHover is displayed ]]>
            </line>
            <line>
              <![CDATA[ElectronicsHover is enabled ]]>
            </line>
            <line>
              <![CDATA[cameraPhoto is displayed ]]>
            </line>
            <line>
              <![CDATA[cameraPhoto is enabled ]]>
            </line>
            <line>
              <![CDATA[add to cart is displayed]]>
            </line>
            <line>
              <![CDATA[add to cart is enabled]]>
            </line>
            <line>
              <![CDATA[ElectronicsTest-Camera product is  added to cart]]>
            </line>
            <line>
              <![CDATA[shooping cart displayed]]>
            </line>
            <line>
              <![CDATA[shooping cart enabled]]>
            </line>
            <line>
              <![CDATA[payment method COD]]>
            </line>
            <line>
              <![CDATA[confirm order :Cameraphoto]]>
            </line>
            <line>
              <![CDATA[ThankYou camera order placed]]>
            </line>
            <line>
              <![CDATA[step 4: camera verified & order successfull]]>
            </line>
          </reporter-output>
        </test-method> <!-- verifyCamera -->
        <test-method is-config="true" signature="logout()[pri:0, instance:org.dwsapp.producttest.ProductTest@792b749c]" started-at="2025-12-02T18:13:42 IST" name="logout" finished-at="2025-12-02T18:13:44 IST" duration-ms="1404" status="PASS">
          <reporter-output>
            <line>
              <![CDATA[Step 5  :  Logout Button clicked - success]]>
            </line>
            <line>
              <![CDATA[logout successfull]]>
            </line>
          </reporter-output>
        </test-method> <!-- logout -->
        <test-method is-config="true" signature="login()[pri:0, instance:org.dwsapp.producttest.ProductTest@792b749c]" started-at="2025-12-02T18:13:44 IST" name="login" finished-at="2025-12-02T18:13:46 IST" duration-ms="2345" status="PASS">
          <reporter-output>
            <line>
              <![CDATA[Step 3.1  : Login hyperlink click - success]]>
            </line>
            <line>
              <![CDATA[Step 3.2  : Email address data entered - success]]>
            </line>
            <line>
              <![CDATA[Step 3.3  : Password data entered - success]]>
            </line>
            <line>
              <![CDATA[Step 3.4 : Login button clicked - success]]>
            </line>
            <line>
              <![CDATA[login successfully]]>
            </line>
          </reporter-output>
        </test-method> <!-- login -->
        <test-method signature="verifyCellPhones()[pri:6, instance:org.dwsapp.producttest.ProductTest@792b749c]" started-at="2025-12-02T18:13:46 IST" name="verifyCellPhones" finished-at="2025-12-02T18:14:01 IST" duration-ms="14556" status="PASS">
          <reporter-output>
            <line>
              <![CDATA[ElectronicsHover is displayed ]]>
            </line>
            <line>
              <![CDATA[ElectronicsHover is enabled ]]>
            </line>
            <line>
              <![CDATA[cell phone is displayed ]]>
            </line>
            <line>
              <![CDATA[cell phone is enabled ]]>
            </line>
            <line>
              <![CDATA[add to cart is displayed]]>
            </line>
            <line>
              <![CDATA[add to cart is enabled]]>
            </line>
            <line>
              <![CDATA[Cell phones product is added to cart]]>
            </line>
            <line>
              <![CDATA[shooping cart displayed]]>
            </line>
            <line>
              <![CDATA[shooping cart enabled]]>
            </line>
            <line>
              <![CDATA[payment method COD]]>
            </line>
            <line>
              <![CDATA[confirm order :CellPhone]]>
            </line>
            <line>
              <![CDATA[ThankYou phone order placed]]>
            </line>
            <line>
              <![CDATA[step 4: cellphone verified & order successfull]]>
            </line>
          </reporter-output>
        </test-method> <!-- verifyCellPhones -->
        <test-method is-config="true" signature="logout()[pri:0, instance:org.dwsapp.producttest.ProductTest@792b749c]" started-at="2025-12-02T18:14:01 IST" name="logout" finished-at="2025-12-02T18:14:02 IST" duration-ms="1423" status="PASS">
          <reporter-output>
            <line>
              <![CDATA[Step 5  :  Logout Button clicked - success]]>
            </line>
            <line>
              <![CDATA[logout successfull]]>
            </line>
          </reporter-output>
        </test-method> <!-- logout -->
        <test-method is-config="true" signature="closeBrowser()[pri:0, instance:org.dwsapp.producttest.ProductTest@792b749c]" started-at="2025-12-02T18:14:02 IST" name="closeBrowser" finished-at="2025-12-02T18:14:03 IST" duration-ms="422" status="PASS">
          <reporter-output>
            <line>
              <![CDATA[browser closed successfull]]>
            </line>
          </reporter-output>
        </test-method> <!-- closeBrowser -->
        <test-method is-config="true" signature="reportTerminate()[pri:0, instance:org.dwsapp.producttest.ProductTest@792b749c]" started-at="2025-12-02T18:14:03 IST" name="reportTerminate" finished-at="2025-12-02T18:14:03 IST" duration-ms="452" status="PASS">
          <reporter-output>
          </reporter-output>
        </test-method> <!-- reportTerminate -->
      </class> <!-- org.dwsapp.producttest.ProductTest -->
    </test> <!-- Test -->
    <test started-at="2025-12-02T18:14:03 IST" name="edgetest" finished-at="2025-12-02T18:14:03 IST" duration-ms="1">
    </test> <!-- edgetest -->
  </suite> <!-- RegressionSuite -->
</testng-results>
