<?xml version="1.0" encoding="UTF-8"?>
<!-- Generated by org.testng.reporters.JUnitXMLReporter -->
<testsuite ignored="0" hostname="deepaks-hp1" failures="0" tests="6" name="Test" time="90.809" errors="0" timestamp="2025-11-29T20:35:26 IST">
  <testcase classname="org.dwsapp.producttest.ProductTest" name="verifyHealthBook" time="12.093"/>
  <testcase classname="org.dwsapp.producttest.ProductTest" name="verifyDesktop" time="11.606"/>
  <testcase classname="org.dwsapp.producttest.ProductTest" name="verifyNoteBooks" time="12.032"/>
  <testcase classname="org.dwsapp.producttest.ProductTest" name="verifyAccessories" time="10.646"/>
  <testcase classname="org.dwsapp.producttest.ProductTest" name="verifyCamera" time="9.942"/>
  <testcase classname="org.dwsapp.producttest.ProductTest" name="verifyCellPhones" time="10.889"/>
</testsuite> <!-- Test -->
