<?xml version="1.0" encoding="UTF-8"?>
<testsuite xmlns:xsi="http://www.w3.org/2001/XMLSchema-instance" xsi:noNamespaceSchemaLocation="https://maven.apache.org/surefire/maven-surefire-plugin/xsd/surefire-test-report.xsd" version="3.0.2" name="TestSuite" time="151.372" tests="6" errors="0" skipped="0" failures="0">
  <properties>
[...]
</properties>
  <testcase name="verifyHealthBook" classname="org.dwsapp.producttest.ProductTest" time="24.586">
    <system-out><![CDATA[chrome browser opened
Step 1  : browser opened success
Step 2  : navigated to application  success
browser setup successfull
Step 3.1  : Login hyperlink click - success
Step 3.2  : Email address data entered - success
Step 3.3  : Password data entered - success
Step 3.4 : Login button clicked - success
login successfully
search box is displayed 
search box is enabled 
search button is displayed 
search button is enabled 
add to cart is displayed 
add to cart is enabled 
 health book added to cart
shooping cart displayed
shooping cart enabled
Agree Terms checkbox selected
checkoutbutton is displayed
payment method check
confirm order :book
ThankYou book order placed
step 4:book verified & order successfull
]]></system-out>
    <system-err><![CDATA[SLF4J(W): No SLF4J providers were found.
SLF4J(W): Defaulting to no-operation (NOP) logger implementation
SLF4J(W): See https://www.slf4j.org/codes.html#noProviders for further details.
ERROR StatusLogger Log4j2 could not find a logging implementation. Please add log4j-core to the classpath. Using SimpleLogger to log to the console...
]]></system-err>
  </testcase>
  <testcase name="verifyDesktop" classname="org.dwsapp.producttest.ProductTest" time="18.18">
    <system-out><![CDATA[Step 5  :  Logout Button clicked - success
logout successfull
Step 3.1  : Login hyperlink click - success
Step 3.2  : Email address data entered - success
Step 3.3  : Password data entered - success
Step 3.4 : Login button clicked - success
login successfully
computerhover is displayed 
computerhover is enabled 
desktop is displayed 
desktop is enabled 
add to cart is displayed
add to cart is enabled
 desktop product is added to cart
shooping cart displayed
shooping cart enabled
payment method COD
confirm order :desktop
ThankYou desktop order placed
step 4: desktop verified & order successfull
]]></system-out>
  </testcase>
  <testcase name="verifyNoteBooks" classname="org.dwsapp.producttest.ProductTest" time="17.781">
    <system-out><![CDATA[Step 5  :  Logout Button clicked - success
logout successfull
Step 3.1  : Login hyperlink click - success
Step 3.2  : Email address data entered - success
Step 3.3  : Password data entered - success
Step 3.4 : Login button clicked - success
login successfully
computerhover is displayed 
computerhover is enabled 
notebook is displayed
notebook is enabled
add to cart is displayed
add to cart is  enabled 
 notebook product is added to cart
shooping cart displayed
shooping cart enabled
payment method COD
confirm order :notebook
ThankYou Notebook order placed
step 4: Notebook verified & order successfull
]]></system-out>
  </testcase>
  <testcase name="verifyAccessories" classname="org.dwsapp.producttest.ProductTest" time="16.369">
    <system-out><![CDATA[Step 5  :  Logout Button clicked - success
logout successfull
Step 3.1  : Login hyperlink click - success
Step 3.2  : Email address data entered - success
Step 3.3  : Password data entered - success
Step 3.4 : Login button clicked - success
login successfully
computerhover is displayed 
computerhover is enabled 
Accessories is displayed  
Accessories is enabled 
add to cart is displayed
add to cart is enabled
 accessories product is added to cart
shooping cart displayed
shooping cart enabled
payment method COD
confirm order :Accessorie
ThankYou Accessories order placed
step 4: accessories verified & order successfull
]]></system-out>
  </testcase>
  <testcase name="verifyCamera" classname="org.dwsapp.producttest.ProductTest" time="15.218">
    <system-out><![CDATA[Step 5  :  Logout Button clicked - success
logout successfull
Step 3.1  : Login hyperlink click - success
Step 3.2  : Email address data entered - success
Step 3.3  : Password data entered - success
Step 3.4 : Login button clicked - success
login successfully
ElectronicsHover is displayed 
ElectronicsHover is enabled 
cameraPhoto is displayed 
cameraPhoto is enabled 
add to cart is displayed
add to cart is enabled
ElectronicsTest-Camera product is  added to cart
shooping cart displayed
shooping cart enabled
payment method COD
confirm order :Cameraphoto
ThankYou camera order placed
step 4: camera verified & order successfull
]]></system-out>
  </testcase>
  <testcase name="verifyCellPhones" classname="org.dwsapp.producttest.ProductTest" time="16.815">
    <system-out><![CDATA[Step 5  :  Logout Button clicked - success
logout successfull
Step 3.1  : Login hyperlink click - success
Step 3.2  : Email address data entered - success
Step 3.3  : Password data entered - success
Step 3.4 : Login button clicked - success
login successfully
ElectronicsHover is displayed 
ElectronicsHover is enabled 
cell phone is displayed 
cell phone is enabled 
add to cart is displayed
add to cart is enabled
Cell phones product is added to cart
shooping cart displayed
shooping cart enabled
payment method COD
confirm order :CellPhone
step 4: cellphone verified & order successfull
]]></system-out>
  </testcase>
</testsuite>