<?xml version="1.0" encoding="UTF-8"?>
<!-- Generated by org.testng.reporters.JUnitXMLReporter -->
<testsuite ignored="0" hostname="deepaks-hp1" failures="0" tests="6" name="Test" time="119.75" errors="0" timestamp="2025-11-25T14:33:49 IST">
  <testcase classname="org.dwsapp.producttest.ProductTest" name="verifyHealthBook" time="16.862"/>
  <testcase classname="org.dwsapp.producttest.ProductTest" name="verifyDesktop" time="13.442"/>
  <testcase classname="org.dwsapp.producttest.ProductTest" name="verifyNoteBooks" time="14.485"/>
  <testcase classname="org.dwsapp.producttest.ProductTest" name="verifyAccessories" time="13.458"/>
  <testcase classname="org.dwsapp.producttest.ProductTest" name="verifyCamera" time="14.241"/>
  <testcase classname="org.dwsapp.producttest.ProductTest" name="verifyCellPhones" time="14.245"/>
</testsuite> <!-- Test -->
