<?xml version="1.0" encoding="UTF-8"?>
<!-- Generated by org.testng.reporters.JUnitXMLReporter -->
<testsuite ignored="0" hostname="deepaks-hp1" failures="0" tests="6" name="Test" time="118.563" errors="0" timestamp="2025-11-29T00:12:03 IST">
  <testcase classname="org.dwsapp.producttest.ProductTest" name="verifyHealthBook" time="14.535"/>
  <testcase classname="org.dwsapp.producttest.ProductTest" name="verifyDesktop" time="13.819"/>
  <testcase classname="org.dwsapp.producttest.ProductTest" name="verifyNoteBooks" time="15.541"/>
  <testcase classname="org.dwsapp.producttest.ProductTest" name="verifyAccessories" time="14.501"/>
  <testcase classname="org.dwsapp.producttest.ProductTest" name="verifyCamera" time="13.86"/>
  <testcase classname="org.dwsapp.producttest.ProductTest" name="verifyCellPhones" time="18.518"/>
</testsuite> <!-- Test -->
